<?xml version="1.0" encoding="UTF-8"?>
<robot generator="Robot 3.2.2 (Python 3.8.5 on linux)" generated="20210203 11:03:34.437" rpa="false">
<suite id="s1" name="Login Form" source="/home/rogerio.ribeiro/Documentos/robot-test/project-test/env/web/tests/login_form.robot">
<test id="s1-t1" name="Login com Sucesso">
<kw name="Nova sessão" library="base" type="setup">
<kw name="Open Browser" library="SeleniumLibrary">
<doc>Opens a new browser instance to the optional ``url``.</doc>
<arguments>
<arg>${url}</arg>
<arg>chrome</arg>
</arguments>
<msg timestamp="20210203 11:03:34.545" level="INFO">Opening browser 'chrome' to base url 'https://training-wheels-protocol.herokuapp.com'.</msg>
<status status="PASS" starttime="20210203 11:03:34.545" endtime="20210203 11:03:38.627"></status>
</kw>
<status status="PASS" starttime="20210203 11:03:34.545" endtime="20210203 11:03:38.627"></status>
</kw>
<kw name="Go To" library="SeleniumLibrary">
<doc>Navigates the current browser window to the provided ``url``.</doc>
<arguments>
<arg>${url}/login</arg>
</arguments>
<msg timestamp="20210203 11:03:38.629" level="INFO">Opening url 'https://training-wheels-protocol.herokuapp.com/login'</msg>
<status status="PASS" starttime="20210203 11:03:38.628" endtime="20210203 11:03:39.142"></status>
</kw>
<kw name="Login With">
<arguments>
<arg>stark</arg>
<arg>jarvis!</arg>
</arguments>
<kw name="Input Text" library="SeleniumLibrary">
<doc>Types the given ``text`` into the text field identified by ``locator``.</doc>
<arguments>
<arg>css:input[name=username]</arg>
<arg>${uname}</arg>
</arguments>
<msg timestamp="20210203 11:03:39.144" level="INFO">Typing text 'stark' into text field 'css:input[name=username]'.</msg>
<status status="PASS" starttime="20210203 11:03:39.143" endtime="20210203 11:03:39.213"></status>
</kw>
<kw name="Input Text" library="SeleniumLibrary">
<doc>Types the given ``text`` into the text field identified by ``locator``.</doc>
<arguments>
<arg>css:input[name=password]</arg>
<arg>${pass}</arg>
</arguments>
<msg timestamp="20210203 11:03:39.213" level="INFO">Typing text 'jarvis!' into text field 'css:input[name=password]'.</msg>
<status status="PASS" starttime="20210203 11:03:39.213" endtime="20210203 11:03:39.281"></status>
</kw>
<kw name="Click Element" library="SeleniumLibrary">
<doc>Click the element identified by ``locator``.</doc>
<arguments>
<arg>class:btn-login</arg>
</arguments>
<msg timestamp="20210203 11:03:39.281" level="INFO">Clicking element 'class:btn-login'.</msg>
<status status="PASS" starttime="20210203 11:03:39.281" endtime="20210203 11:03:39.890"></status>
</kw>
<status status="PASS" starttime="20210203 11:03:39.143" endtime="20210203 11:03:39.891"></status>
</kw>
<kw name="Should See Logged User">
<arguments>
<arg>Tony Stark</arg>
</arguments>
<kw name="Page Should Contain" library="SeleniumLibrary">
<doc>Verifies that current page contains ``text``.</doc>
<arguments>
<arg>Olá, ${full_name}. Você acessou a área logada!</arg>
</arguments>
<msg timestamp="20210203 11:03:39.904" level="INFO">Current page contains text 'Olá, Tony Stark. Você acessou a área logada!'.</msg>
<status status="PASS" starttime="20210203 11:03:39.891" endtime="20210203 11:03:39.904"></status>
</kw>
<status status="PASS" starttime="20210203 11:03:39.891" endtime="20210203 11:03:39.904"></status>
</kw>
<kw name="Encerra sessão" library="base" type="teardown">
<kw name="Capture Page Screenshot" library="SeleniumLibrary">
<doc>Takes a screenshot of the current page and embeds it into a log file.</doc>
<msg timestamp="20210203 11:03:40.060" level="INFO" html="yes">&lt;/td&gt;&lt;/tr&gt;&lt;tr&gt;&lt;td colspan="3"&gt;&lt;a href="selenium-screenshot-42.png"&gt;&lt;img src="selenium-screenshot-42.png" width="800px"&gt;&lt;/a&gt;</msg>
<status status="PASS" starttime="20210203 11:03:39.905" endtime="20210203 11:03:40.060"></status>
</kw>
<kw name="Close Browser" library="SeleniumLibrary">
<doc>Closes the current browser.</doc>
<status status="PASS" starttime="20210203 11:03:40.061" endtime="20210203 11:03:40.119"></status>
</kw>
<status status="PASS" starttime="20210203 11:03:39.904" endtime="20210203 11:03:40.119"></status>
</kw>
<status status="PASS" starttime="20210203 11:03:34.544" endtime="20210203 11:03:40.120" critical="yes"></status>
</test>
<test id="s1-t2" name="Senha inválida">
<kw name="Nova sessão" library="base" type="setup">
<kw name="Open Browser" library="SeleniumLibrary">
<doc>Opens a new browser instance to the optional ``url``.</doc>
<arguments>
<arg>${url}</arg>
<arg>chrome</arg>
</arguments>
<msg timestamp="20210203 11:03:40.123" level="INFO">Opening browser 'chrome' to base url 'https://training-wheels-protocol.herokuapp.com'.</msg>
<status status="PASS" starttime="20210203 11:03:40.122" endtime="20210203 11:03:45.957"></status>
</kw>
<status status="PASS" starttime="20210203 11:03:40.121" endtime="20210203 11:03:45.958"></status>
</kw>
<kw name="Go To" library="SeleniumLibrary">
<doc>Navigates the current browser window to the provided ``url``.</doc>
<arguments>
<arg>${url}/login</arg>
</arguments>
<msg timestamp="20210203 11:03:45.961" level="INFO">Opening url 'https://training-wheels-protocol.herokuapp.com/login'</msg>
<status status="PASS" starttime="20210203 11:03:45.959" endtime="20210203 11:03:46.665"></status>
</kw>
<kw name="Login With">
<arguments>
<arg>stark</arg>
<arg>abc123</arg>
</arguments>
<kw name="Input Text" library="SeleniumLibrary">
<doc>Types the given ``text`` into the text field identified by ``locator``.</doc>
<arguments>
<arg>css:input[name=username]</arg>
<arg>${uname}</arg>
</arguments>
<msg timestamp="20210203 11:03:46.668" level="INFO">Typing text 'stark' into text field 'css:input[name=username]'.</msg>
<status status="PASS" starttime="20210203 11:03:46.667" endtime="20210203 11:03:46.743"></status>
</kw>
<kw name="Input Text" library="SeleniumLibrary">
<doc>Types the given ``text`` into the text field identified by ``locator``.</doc>
<arguments>
<arg>css:input[name=password]</arg>
<arg>${pass}</arg>
</arguments>
<msg timestamp="20210203 11:03:46.743" level="INFO">Typing text 'abc123' into text field 'css:input[name=password]'.</msg>
<status status="PASS" starttime="20210203 11:03:46.743" endtime="20210203 11:03:46.804"></status>
</kw>
<kw name="Click Element" library="SeleniumLibrary">
<doc>Click the element identified by ``locator``.</doc>
<arguments>
<arg>class:btn-login</arg>
</arguments>
<msg timestamp="20210203 11:03:46.804" level="INFO">Clicking element 'class:btn-login'.</msg>
<status status="PASS" starttime="20210203 11:03:46.804" endtime="20210203 11:03:47.359"></status>
</kw>
<status status="PASS" starttime="20210203 11:03:46.665" endtime="20210203 11:03:47.359"></status>
</kw>
<kw name="Should Contain Login Alert">
<arguments>
<arg>Senha é invalida!</arg>
</arguments>
<kw name="Get WebElement" library="SeleniumLibrary">
<doc>Returns the first WebElement matching the given ``locator``.</doc>
<arguments>
<arg>id:flash</arg>
</arguments>
<assign>
<var>${message}</var>
</assign>
<msg timestamp="20210203 11:03:47.370" level="INFO">${message} = &lt;selenium.webdriver.remote.webelement.WebElement (session="b36672ab49bc048ca49700848d95c8ea", element="99254f12-09f4-42e1-a43a-5348cbfcae8c")&gt;</msg>
<status status="PASS" starttime="20210203 11:03:47.360" endtime="20210203 11:03:47.370"></status>
</kw>
<kw name="Should Contain" library="BuiltIn">
<doc>Fails if ``container`` does not contain ``item`` one or more times.</doc>
<arguments>
<arg>${message.text}</arg>
<arg>${expect_message}</arg>
</arguments>
<status status="PASS" starttime="20210203 11:03:47.371" endtime="20210203 11:03:47.382"></status>
</kw>
<status status="PASS" starttime="20210203 11:03:47.359" endtime="20210203 11:03:47.383"></status>
</kw>
<kw name="Encerra sessão" library="base" type="teardown">
<kw name="Capture Page Screenshot" library="SeleniumLibrary">
<doc>Takes a screenshot of the current page and embeds it into a log file.</doc>
<msg timestamp="20210203 11:03:47.526" level="INFO" html="yes">&lt;/td&gt;&lt;/tr&gt;&lt;tr&gt;&lt;td colspan="3"&gt;&lt;a href="selenium-screenshot-43.png"&gt;&lt;img src="selenium-screenshot-43.png" width="800px"&gt;&lt;/a&gt;</msg>
<status status="PASS" starttime="20210203 11:03:47.383" endtime="20210203 11:03:47.526"></status>
</kw>
<kw name="Close Browser" library="SeleniumLibrary">
<doc>Closes the current browser.</doc>
<status status="PASS" starttime="20210203 11:03:47.526" endtime="20210203 11:03:47.583"></status>
</kw>
<status status="PASS" starttime="20210203 11:03:47.383" endtime="20210203 11:03:47.583"></status>
</kw>
<tags>
<tag>login_error</tag>
</tags>
<status status="PASS" starttime="20210203 11:03:40.120" endtime="20210203 11:03:47.583" critical="yes"></status>
</test>
<test id="s1-t3" name="Usuário não existe">
<kw name="Nova sessão" library="base" type="setup">
<kw name="Open Browser" library="SeleniumLibrary">
<doc>Opens a new browser instance to the optional ``url``.</doc>
<arguments>
<arg>${url}</arg>
<arg>chrome</arg>
</arguments>
<msg timestamp="20210203 11:03:47.586" level="INFO">Opening browser 'chrome' to base url 'https://training-wheels-protocol.herokuapp.com'.</msg>
<status status="PASS" starttime="20210203 11:03:47.585" endtime="20210203 11:03:52.967"></status>
</kw>
<status status="PASS" starttime="20210203 11:03:47.584" endtime="20210203 11:03:52.967"></status>
</kw>
<kw name="Go To" library="SeleniumLibrary">
<doc>Navigates the current browser window to the provided ``url``.</doc>
<arguments>
<arg>${url}/login</arg>
</arguments>
<msg timestamp="20210203 11:03:52.968" level="INFO">Opening url 'https://training-wheels-protocol.herokuapp.com/login'</msg>
<status status="PASS" starttime="20210203 11:03:52.968" endtime="20210203 11:03:53.842"></status>
</kw>
<kw name="Login With">
<arguments>
<arg>roger</arg>
<arg>123456</arg>
</arguments>
<kw name="Input Text" library="SeleniumLibrary">
<doc>Types the given ``text`` into the text field identified by ``locator``.</doc>
<arguments>
<arg>css:input[name=username]</arg>
<arg>${uname}</arg>
</arguments>
<msg timestamp="20210203 11:03:53.847" level="INFO">Typing text 'roger' into text field 'css:input[name=username]'.</msg>
<status status="PASS" starttime="20210203 11:03:53.846" endtime="20210203 11:03:54.118"></status>
</kw>
<kw name="Input Text" library="SeleniumLibrary">
<doc>Types the given ``text`` into the text field identified by ``locator``.</doc>
<arguments>
<arg>css:input[name=password]</arg>
<arg>${pass}</arg>
</arguments>
<msg timestamp="20210203 11:03:54.120" level="INFO">Typing text '123456' into text field 'css:input[name=password]'.</msg>
<status status="PASS" starttime="20210203 11:03:54.119" endtime="20210203 11:03:54.308"></status>
</kw>
<kw name="Click Element" library="SeleniumLibrary">
<doc>Click the element identified by ``locator``.</doc>
<arguments>
<arg>class:btn-login</arg>
</arguments>
<msg timestamp="20210203 11:03:54.308" level="INFO">Clicking element 'class:btn-login'.</msg>
<status status="PASS" starttime="20210203 11:03:54.308" endtime="20210203 11:03:55.055"></status>
</kw>
<status status="PASS" starttime="20210203 11:03:53.843" endtime="20210203 11:03:55.055"></status>
</kw>
<kw name="Should Contain Login Alert">
<arguments>
<arg>O usuário informado não está cadastrado!</arg>
</arguments>
<kw name="Get WebElement" library="SeleniumLibrary">
<doc>Returns the first WebElement matching the given ``locator``.</doc>
<arguments>
<arg>id:flash</arg>
</arguments>
<assign>
<var>${message}</var>
</assign>
<msg timestamp="20210203 11:03:55.071" level="INFO">${message} = &lt;selenium.webdriver.remote.webelement.WebElement (session="6316509ca1091e48ab6dc0ccb9e4cf48", element="8881967a-7aec-4f13-96b0-a02648a8c1b9")&gt;</msg>
<status status="PASS" starttime="20210203 11:03:55.056" endtime="20210203 11:03:55.071"></status>
</kw>
<kw name="Should Contain" library="BuiltIn">
<doc>Fails if ``container`` does not contain ``item`` one or more times.</doc>
<arguments>
<arg>${message.text}</arg>
<arg>${expect_message}</arg>
</arguments>
<status status="PASS" starttime="20210203 11:03:55.071" endtime="20210203 11:03:55.088"></status>
</kw>
<status status="PASS" starttime="20210203 11:03:55.055" endtime="20210203 11:03:55.088"></status>
</kw>
<kw name="Encerra sessão" library="base" type="teardown">
<kw name="Capture Page Screenshot" library="SeleniumLibrary">
<doc>Takes a screenshot of the current page and embeds it into a log file.</doc>
<msg timestamp="20210203 11:03:55.249" level="INFO" html="yes">&lt;/td&gt;&lt;/tr&gt;&lt;tr&gt;&lt;td colspan="3"&gt;&lt;a href="selenium-screenshot-44.png"&gt;&lt;img src="selenium-screenshot-44.png" width="800px"&gt;&lt;/a&gt;</msg>
<status status="PASS" starttime="20210203 11:03:55.089" endtime="20210203 11:03:55.249"></status>
</kw>
<kw name="Close Browser" library="SeleniumLibrary">
<doc>Closes the current browser.</doc>
<status status="PASS" starttime="20210203 11:03:55.249" endtime="20210203 11:03:55.307"></status>
</kw>
<status status="PASS" starttime="20210203 11:03:55.088" endtime="20210203 11:03:55.307"></status>
</kw>
<tags>
<tag>login_user404</tag>
</tags>
<status status="PASS" starttime="20210203 11:03:47.584" endtime="20210203 11:03:55.307" critical="yes"></status>
</test>
<status status="PASS" starttime="20210203 11:03:34.438" endtime="20210203 11:03:55.310"></status>
</suite>
<statistics>
<total>
<stat pass="3" fail="0">Critical Tests</stat>
<stat pass="3" fail="0">All Tests</stat>
</total>
<tag>
<stat pass="1" fail="0">login_error</stat>
<stat pass="1" fail="0">login_user404</stat>
</tag>
<suite>
<stat pass="3" fail="0" id="s1" name="Login Form">Login Form</stat>
</suite>
</statistics>
<errors>
</errors>
</robot>
